0 info it worked if it ends with ok
1 verbose cli [ '/usr/bin/node', '/usr/bin/npm', 'start' ]
2 info using npm@3.10.10
3 info using node@v6.10.0
4 verbose run-script [ 'prestart', 'start', 'poststart' ]
5 info lifecycle angular-io-example@1.0.0~prestart: angular-io-example@1.0.0
6 verbose lifecycle angular-io-example@1.0.0~prestart: unsafe-perm in lifecycle true
7 verbose lifecycle angular-io-example@1.0.0~prestart: PATH: /usr/lib/node_modules/npm/bin/node-gyp-bin:/run/media/snail/横七竖八/WrokSstation/TestProjects/HBuilder/Angular2/toh-6/node_modules/.bin:/usr/lib64/qt-3.3/bin:/home/snail/JDK8/jdk//bin:/usr/local/bin:/usr/local/sbin:/usr/bin:/usr/sbin
8 verbose lifecycle angular-io-example@1.0.0~prestart: CWD: /run/media/snail/横七竖八/WrokSstation/TestProjects/HBuilder/Angular2/toh-6
9 silly lifecycle angular-io-example@1.0.0~prestart: Args: [ '-c', 'npm run build' ]
10 silly lifecycle angular-io-example@1.0.0~prestart: Returned: code: 1  signal: null
11 info lifecycle angular-io-example@1.0.0~prestart: Failed to exec prestart script
12 verbose stack Error: angular-io-example@1.0.0 prestart: `npm run build`
12 verbose stack Exit status 1
12 verbose stack     at EventEmitter.<anonymous> (/usr/lib/node_modules/npm/lib/utils/lifecycle.js:255:16)
12 verbose stack     at emitTwo (events.js:106:13)
12 verbose stack     at EventEmitter.emit (events.js:191:7)
12 verbose stack     at ChildProcess.<anonymous> (/usr/lib/node_modules/npm/lib/utils/spawn.js:40:14)
12 verbose stack     at emitTwo (events.js:106:13)
12 verbose stack     at ChildProcess.emit (events.js:191:7)
12 verbose stack     at maybeClose (internal/child_process.js:877:16)
12 verbose stack     at Process.ChildProcess._handle.onexit (internal/child_process.js:226:5)
13 verbose pkgid angular-io-example@1.0.0
14 verbose cwd /run/media/snail/横七竖八/WrokSstation/TestProjects/HBuilder/Angular2/toh-6/src/app
15 error Linux 4.8.6-300.fc25.x86_64
16 error argv "/usr/bin/node" "/usr/bin/npm" "start"
17 error node v6.10.0
18 error npm  v3.10.10
19 error code ELIFECYCLE
20 error angular-io-example@1.0.0 prestart: `npm run build`
20 error Exit status 1
21 error Failed at the angular-io-example@1.0.0 prestart script 'npm run build'.
21 error Make sure you have the latest version of node.js and npm installed.
21 error If you do, this is most likely a problem with the angular-io-example package,
21 error not with npm itself.
21 error Tell the author that this fails on your system:
21 error     npm run build
21 error You can get information on how to open an issue for this project with:
21 error     npm bugs angular-io-example
21 error Or if that isn't available, you can get their info via:
21 error     npm owner ls angular-io-example
21 error There is likely additional logging output above.
22 verbose exit [ 1, true ]
